# JRE version: OpenJDK Runtime Environment (8.0_242-b01) (build 1.8.0_242-release-1644-b01)
# Java VM: OpenJDK 64-Bit Server VM (25.242-b01 mixed mode windows-amd64 compressed oops)
Heap:
 PSYoungGen      total 205824K, used 23181K [0x00000000d5580000, 0x00000000e5380000, 0x0000000100000000)
  eden space 184320K, 0% used [0x00000000d5580000,0x00000000d5726470,0x00000000e0980000)
  from space 21504K, 99% used [0x00000000e0980000,0x00000000e1e7d078,0x00000000e1e80000)
  to   space 27136K, 0% used [0x00000000e3900000,0x00000000e3900000,0x00000000e5380000)
 ParOldGen       total 115712K, used 43836K [0x0000000080000000, 0x0000000087100000, 0x00000000d5580000)
  object space 115712K, 37% used [0x0000000080000000,0x0000000082acf2f8,0x0000000087100000)
 Metaspace       used 72046K, capacity 75228K, committed 75416K, reserved 1114112K
  class space    used 9769K, capacity 10397K, committed 10400K, reserved 1048576K
GC Heap History (10 events):
Event: 27.622 GC heap before
{Heap before GC invocations=16 (full 2):
 PSYoungGen      total 143872K, used 123506K [0x00000000d5580000, 0x00000000e0c00000, 0x0000000100000000)
  eden space 131584K, 84% used [0x00000000d5580000,0x00000000dc21fab8,0x00000000dd600000)
  from space 12288K, 99% used [0x00000000dd600000,0x00000000de1fcdb0,0x00000000de200000)
  to   space 16384K, 0% used [0x00000000dfc00000,0x00000000dfc00000,0x00000000e0c00000)
 ParOldGen       total 72192K, used 20378K [0x0000000080000000, 0x0000000084680000, 0x00000000d5580000)
  object space 72192K, 28% used [0x0000000080000000,0x00000000813e6858,0x0000000084680000)
 Metaspace       used 56848K, capacity 59062K, committed 59160K, reserved 1099776K
  class space    used 7681K, capacity 8146K, committed 8224K, reserved 1048576K
Event: 27.646 GC heap after
Heap after GC invocations=16 (full 2):
 PSYoungGen      total 168960K, used 14214K [0x00000000d5580000, 0x00000000e1b00000, 0x0000000100000000)
  eden space 152576K, 0% used [0x00000000d5580000,0x00000000d5580000,0x00000000dea80000)
  from space 16384K, 86% used [0x00000000dfc00000,0x00000000e09e1aa0,0x00000000e0c00000)
  to   space 17920K, 0% used [0x00000000dea80000,0x00000000dea80000,0x00000000dfc00000)
 ParOldGen       total 72192K, used 27454K [0x0000000080000000, 0x0000000084680000, 0x00000000d5580000)
  object space 72192K, 38% used [0x0000000080000000,0x0000000081acf988,0x0000000084680000)
 Metaspace       used 56848K, capacity 59062K, committed 59160K, reserved 1099776K
  class space    used 7681K, capacity 8146K, committed 8224K, reserved 1048576K
}
Event: 27.646 GC heap before
{Heap before GC invocations=17 (full 3):
 PSYoungGen      total 168960K, used 14214K [0x00000000d5580000, 0x00000000e1b00000, 0x0000000100000000)
  eden space 152576K, 0% used [0x00000000d5580000,0x00000000d5580000,0x00000000dea80000)
  from space 16384K, 86% used [0x00000000dfc00000,0x00000000e09e1aa0,0x00000000e0c00000)
  to   space 17920K, 0% used [0x00000000dea80000,0x00000000dea80000,0x00000000dfc00000)
 ParOldGen       total 72192K, used 27454K [0x0000000080000000, 0x0000000084680000, 0x00000000d5580000)
  object space 72192K, 38% used [0x0000000080000000,0x0000000081acf988,0x0000000084680000)
 Metaspace       used 56848K, capacity 59062K, committed 59160K, reserved 1099776K
  class space    used 7681K, capacity 8146K, committed 8224K, reserved 1048576K
Event: 27.950 GC heap after
Heap after GC invocations=17 (full 3):
 PSYoungGen      total 168960K, used 0K [0x00000000d5580000, 0x00000000e1b00000, 0x0000000100000000)
  eden space 152576K, 0% used [0x00000000d5580000,0x00000000d5580000,0x00000000dea80000)
  from space 16384K, 0% used [0x00000000dfc00000,0x00000000dfc00000,0x00000000e0c00000)
  to   space 17920K, 0% used [0x00000000dea80000,0x00000000dea80000,0x00000000dfc00000)
 ParOldGen       total 115712K, used 37010K [0x0000000080000000, 0x0000000087100000, 0x00000000d5580000)
  object space 115712K, 31% used [0x0000000080000000,0x0000000082424af0,0x0000000087100000)
 Metaspace       used 56834K, capacity 59014K, committed 59160K, reserved 1099776K
  class space    used 7676K, capacity 8138K, committed 8224K, reserved 1048576K
}
Event: 34.119 GC heap before
{Heap before GC invocations=18 (full 3):
 PSYoungGen      total 168960K, used 152576K [0x00000000d5580000, 0x00000000e1b00000, 0x0000000100000000)
  eden space 152576K, 100% used [0x00000000d5580000,0x00000000dea80000,0x00000000dea80000)
  from space 16384K, 0% used [0x00000000dfc00000,0x00000000dfc00000,0x00000000e0c00000)
  to   space 17920K, 0% used [0x00000000dea80000,0x00000000dea80000,0x00000000dfc00000)
 ParOldGen       total 115712K, used 37010K [0x0000000080000000, 0x0000000087100000, 0x00000000d5580000)
  object space 115712K, 31% used [0x0000000080000000,0x0000000082424af0,0x0000000087100000)
 Metaspace       used 65708K, capacity 68596K, committed 68760K, reserved 1107968K
  class space    used 9032K, capacity 9579K, committed 9632K, reserved 1048576K
Event: 34.156 GC heap after
Heap after GC invocations=18 (full 3):
 PSYoungGen      total 170496K, used 15057K [0x00000000d5580000, 0x00000000e3300000, 0x0000000100000000)
  eden space 152576K, 0% used [0x00000000d5580000,0x00000000d5580000,0x00000000dea80000)
  from space 17920K, 84% used [0x00000000dea80000,0x00000000df934560,0x00000000dfc00000)
  to   space 19456K, 0% used [0x00000000e2000000,0x00000000e2000000,0x00000000e3300000)
 ParOldGen       total 115712K, used 37018K [0x0000000080000000, 0x0000000087100000, 0x00000000d5580000)
  object space 115712K, 31% used [0x0000000080000000,0x0000000082426af0,0x0000000087100000)
 Metaspace       used 65708K, capacity 68596K, committed 68760K, reserved 1107968K
  class space    used 9032K, capacity 9579K, committed 9632K, reserved 1048576K
}
Event: 39.706 GC heap before
{Heap before GC invocations=19 (full 3):
 PSYoungGen      total 170496K, used 167633K [0x00000000d5580000, 0x00000000e3300000, 0x0000000100000000)
  eden space 152576K, 100% used [0x00000000d5580000,0x00000000dea80000,0x00000000dea80000)
  from space 17920K, 84% used [0x00000000dea80000,0x00000000df934560,0x00000000dfc00000)
  to   space 19456K, 0% used [0x00000000e2000000,0x00000000e2000000,0x00000000e3300000)
 ParOldGen       total 115712K, used 37018K [0x0000000080000000, 0x0000000087100000, 0x00000000d5580000)
  object space 115712K, 31% used [0x0000000080000000,0x0000000082426af0,0x0000000087100000)
 Metaspace       used 68285K, capacity 71268K, committed 71448K, reserved 1110016K
  class space    used 9310K, capacity 9889K, committed 10016K, reserved 1048576K
Event: 39.737 GC heap after
Heap after GC invocations=19 (full 3):
 PSYoungGen      total 203776K, used 15703K [0x00000000d5580000, 0x00000000e3380000, 0x0000000100000000)
  eden space 184320K, 0% used [0x00000000d5580000,0x00000000d5580000,0x00000000e0980000)
  from space 19456K, 80% used [0x00000000e2000000,0x00000000e2f55fb8,0x00000000e3300000)
  to   space 21504K, 0% used [0x00000000e0980000,0x00000000e0980000,0x00000000e1e80000)
 ParOldGen       total 115712K, used 37026K [0x0000000080000000, 0x0000000087100000, 0x00000000d5580000)
  object space 115712K, 31% used [0x0000000080000000,0x0000000082428af0,0x0000000087100000)
 Metaspace       used 68285K, capacity 71268K, committed 71448K, reserved 1110016K
  class space    used 9310K, capacity 9889K, committed 10016K, reserved 1048576K
}
Event: 62.328 GC heap before
{Heap before GC invocations=20 (full 3):
 PSYoungGen      total 203776K, used 200023K [0x00000000d5580000, 0x00000000e3380000, 0x0000000100000000)
  eden space 184320K, 100% used [0x00000000d5580000,0x00000000e0980000,0x00000000e0980000)
  from space 19456K, 80% used [0x00000000e2000000,0x00000000e2f55fb8,0x00000000e3300000)
  to   space 21504K, 0% used [0x00000000e0980000,0x00000000e0980000,0x00000000e1e80000)
 ParOldGen       total 115712K, used 37026K [0x0000000080000000, 0x0000000087100000, 0x00000000d5580000)
  object space 115712K, 31% used [0x0000000080000000,0x0000000082428af0,0x0000000087100000)
 Metaspace       used 72046K, capacity 75228K, committed 75416K, reserved 1114112K
  class space    used 9769K, capacity 10397K, committed 10400K, reserved 1048576K
Event: 62.364 GC heap after
Heap after GC invocations=20 (full 3):
 PSYoungGen      total 205824K, used 21492K [0x00000000d5580000, 0x00000000e5380000, 0x0000000100000000)
  eden space 184320K, 0% used [0x00000000d5580000,0x00000000d5580000,0x00000000e0980000)
  from space 21504K, 99% used [0x00000000e0980000,0x00000000e1e7d078,0x00000000e1e80000)
  to   space 27136K, 0% used [0x00000000e3900000,0x00000000e3900000,0x00000000e5380000)
 ParOldGen       total 115712K, used 43836K [0x0000000080000000, 0x0000000087100000, 0x00000000d5580000)
  object space 115712K, 37% used [0x0000000080000000,0x0000000082acf2f8,0x0000000087100000)
 Metaspace       used 72046K, capacity 75228K, committed 75416K, reserved 1114112K
  class space    used 9769K, capacity 10397K, committed 10400K, reserved 1048576K
}

